<?xml version="1.0" encoding="UTF-8"?>
<!-- Generated by org.testng.reporters.JUnitReportReporter -->
<testsuite skipped="0" hostname="0753-0883" name="com.GCodes.TestCases.TC_Issuance_Importer_005" tests="1" failures="0" timestamp="2022-03-11T18:06:40 IST" time="37.620" errors="0">
  <testcase name="Valid_ImportTest" time="37.620" classname="com.GCodes.TestCases.TC_Issuance_Importer_005"/>
  <system-out/>
</testsuite> <!-- com.GCodes.TestCases.TC_Issuance_Importer_005 -->
