<?xml version="1.0" encoding="UTF-8"?>
<!-- Generated by org.testng.reporters.JUnitReportReporter -->
<testsuite skipped="0" hostname="0753-0883" name="com.GCodes.TestCases.TC_Login_Validations_002" tests="1" failures="0" timestamp="2022-04-07T21:40:34 IST" time="90.908" errors="0">
  <testcase name="TC_GCodes_LoginValidations" time="90.908" classname="com.GCodes.TestCases.TC_Login_Validations_002"/>
  <system-out/>
</testsuite> <!-- com.GCodes.TestCases.TC_Login_Validations_002 -->
