<?xml version="1.0" encoding="UTF-8"?>
<!-- Generated by org.testng.reporters.JUnitReportReporter -->
<testsuite skipped="0" hostname="0753-0883" name="com.GCodes.TestCases.TC_GCodesLogin_001" tests="2" failures="0" timestamp="2022-05-11T19:14:26 IST" time="81.945" errors="0">
  <testcase name="TC_GCodes_Login" time="40.593" classname="com.GCodes.TestCases.TC_GCodesLogin_001"/>
  <system-out/>
  <testcase name="TC_GCodes_Login" time="41.352" classname="com.GCodes.TestCases.TC_GCodesLogin_001"/>
  <system-out/>
</testsuite> <!-- com.GCodes.TestCases.TC_GCodesLogin_001 -->
