<?xml version="1.0" encoding="UTF-8"?>
<!-- Generated by org.testng.reporters.JUnitReportReporter -->
<testsuite skipped="0" hostname="0753-0883" name="com.GCodes.TestCases.TC_Issuance_Importer_005" tests="3" failures="0" timestamp="2022-04-18T18:14:24 IST" time="95.455" errors="0">
  <testcase name="Valid_ImportTest" time="49.265" classname="com.GCodes.TestCases.TC_Issuance_Importer_005"/>
  <system-out/>
  <testcase name="TC_Invalid_Import_InvalidFile" time="23.968" classname="com.GCodes.TestCases.TC_Issuance_Importer_005"/>
  <system-out/>
  <testcase name="TC_EmptyFile_validation" time="22.222" classname="com.GCodes.TestCases.TC_Issuance_Importer_005"/>
  <system-out/>
</testsuite> <!-- com.GCodes.TestCases.TC_Issuance_Importer_005 -->
