<?xml version="1.0" encoding="UTF-8"?>
<!-- Generated by org.testng.reporters.JUnitReportReporter -->
<testsuite skipped="0" hostname="0753-0883" name="com.GCodes.TestCases.TC_Cart_validation_004" tests="1" failures="0" timestamp="2022-02-04T19:20:44 IST" time="71.309" errors="0">
  <testcase name="TC_CartAddRemove" time="71.309" classname="com.GCodes.TestCases.TC_Cart_validation_004"/>
  <system-out/>
</testsuite> <!-- com.GCodes.TestCases.TC_Cart_validation_004 -->
