<?xml version="1.0" encoding="UTF-8"?>
<!-- Generated by org.testng.reporters.JUnitReportReporter -->
<testsuite skipped="0" hostname="0753-0883" name="com.GCodes.TestCases.TC_Cart_validation_004" tests="1" failures="0" timestamp="2022-04-18T18:14:24 IST" time="57.304" errors="0">
  <testcase name="TC_CartAddRemove" time="57.304" classname="com.GCodes.TestCases.TC_Cart_validation_004"/>
  <system-out/>
</testsuite> <!-- com.GCodes.TestCases.TC_Cart_validation_004 -->
