<?xml version="1.0" encoding="UTF-8"?>
<!-- Generated by org.testng.reporters.JUnitReportReporter -->
<testsuite skipped="0" hostname="0753-0883" name="com.GCodes.TestCases.TC_SendCode_006" tests="1" failures="0" timestamp="2022-04-18T18:14:24 IST" time="23.213" errors="0">
  <testcase name="TC_SendCode" time="23.213" classname="com.GCodes.TestCases.TC_SendCode_006"/>
  <system-out/>
</testsuite> <!-- com.GCodes.TestCases.TC_SendCode_006 -->
