<?xml version="1.0" encoding="UTF-8"?>
<!-- Generated by org.testng.reporters.JUnitReportReporter -->
<testsuite skipped="0" hostname="0753-0883" name="com.GCodes.TestCases.TC_Login_Validations_002" tests="2" failures="0" timestamp="2022-05-11T19:14:26 IST" time="170.039" errors="0">
  <testcase name="TC_GCodes_LoginValidations" time="85.259" classname="com.GCodes.TestCases.TC_Login_Validations_002"/>
  <system-out/>
  <testcase name="TC_GCodes_LoginValidations" time="84.780" classname="com.GCodes.TestCases.TC_Login_Validations_002"/>
  <system-out/>
</testsuite> <!-- com.GCodes.TestCases.TC_Login_Validations_002 -->
