<?xml version="1.0" encoding="UTF-8"?>
<!-- Generated by org.testng.reporters.JUnitReportReporter -->
<testsuite skipped="0" hostname="0753-0883" name="com.GCodes.TestCases.TC_Wallet_003" tests="3" failures="0" timestamp="2022-02-15T13:56:54 IST" time="65.711" errors="0">
  <testcase name="TC_Invalid_Wallet_003" time="26.266" classname="com.GCodes.TestCases.TC_Wallet_003"/>
  <system-out/>
  <testcase name="TC_Invalid_Wallet_005" time="21.500" classname="com.GCodes.TestCases.TC_Wallet_003"/>
  <system-out/>
  <testcase name="TC_Invalid_Wallet_004" time="17.945" classname="com.GCodes.TestCases.TC_Wallet_003"/>
  <system-out/>
</testsuite> <!-- com.GCodes.TestCases.TC_Wallet_003 -->
