<?xml version="1.0" encoding="UTF-8"?>
<!-- Generated by org.testng.reporters.JUnitReportReporter -->
<testsuite skipped="0" hostname="0753-0883" name="com.GCodes.TestCases.TC_Wallet_003" tests="3" failures="0" timestamp="2022-02-01T16:22:02 IST" time="61.243" errors="0">
  <testcase name="TC_Invalid_Wallet_003" time="37.622" classname="com.GCodes.TestCases.TC_Wallet_003"/>
  <system-out/>
  <testcase name="TC_Invalid_Wallet_004" time="12.402" classname="com.GCodes.TestCases.TC_Wallet_003"/>
  <system-out/>
  <testcase name="TC_Invalid_Wallet_005" time="11.219" classname="com.GCodes.TestCases.TC_Wallet_003"/>
  <system-out/>
</testsuite> <!-- com.GCodes.TestCases.TC_Wallet_003 -->
