<?xml version="1.0" encoding="UTF-8"?>
<!-- Generated by org.testng.reporters.JUnitReportReporter -->
<testsuite skipped="0" hostname="0753-0883" name="com.GCodes.TestCases.TC_Issuance_Importer_005" tests="3" failures="0" timestamp="2022-04-18T13:41:05 IST" time="215.847" errors="1">
  <testcase name="TC_EmptyFile_validation" time="67.422" classname="com.GCodes.TestCases.TC_Issuance_Importer_005"/>
  <system-out/>
  <testcase name="TC_Invalid_Import_InvalidFile" time="65.728" classname="com.GCodes.TestCases.TC_Issuance_Importer_005">
    <error type="java.io.IOException" message="Failed to copy full contents from &#039;C:\Users\admin\AppData\Local\Temp\screenshot5830625368092294332.png&#039; to &#039;C:\Users\admin\eclipse-workspace\GCodes\Screenshots\Importer Screen.png&#039; Expected length: 41095 Actual: 0">
      <![CDATA[java.io.IOException: Failed to copy full contents from 'C:\Users\admin\AppData\Local\Temp\screenshot5830625368092294332.png' to 'C:\Users\admin\eclipse-workspace\GCodes\Screenshots\Importer Screen.png' Expected length: 41095 Actual: 0
at org.apache.commons.io.FileUtils.requireEqualSizes(FileUtils.java:2684)
at org.apache.commons.io.FileUtils.copyFile(FileUtils.java:853)
at org.apache.commons.io.FileUtils.copyFile(FileUtils.java:756)
at com.GCodes.TestCases.BaseClass.captureScreen(BaseClass.java:78)
at com.GCodes.TestCases.TC_Issuance_Importer_005.TC_Invalid_Import_InvalidFile(TC_Issuance_Importer_005.java:67)
at sun.reflect.NativeMethodAccessorImpl.invoke0(Native Method)
at sun.reflect.NativeMethodAccessorImpl.invoke(NativeMethodAccessorImpl.java:62)
at sun.reflect.DelegatingMethodAccessorImpl.invoke(DelegatingMethodAccessorImpl.java:43)
at java.lang.reflect.Method.invoke(Method.java:498)
at org.testng.internal.MethodInvocationHelper.invokeMethod(MethodInvocationHelper.java:133)
at org.testng.internal.TestInvoker.invokeMethod(TestInvoker.java:598)
at org.testng.internal.TestInvoker.invokeTestMethod(TestInvoker.java:173)
at org.testng.internal.MethodRunner.runInSequence(MethodRunner.java:46)
at org.testng.internal.TestInvoker$MethodInvocationAgent.invoke(TestInvoker.java:824)
at org.testng.internal.TestInvoker.invokeTestMethods(TestInvoker.java:146)
at org.testng.internal.TestMethodWorker.invokeTestMethods(TestMethodWorker.java:146)
at org.testng.internal.TestMethodWorker.run(TestMethodWorker.java:128)
at java.util.concurrent.ThreadPoolExecutor.runWorker(ThreadPoolExecutor.java:1149)
at java.util.concurrent.ThreadPoolExecutor$Worker.run(ThreadPoolExecutor.java:624)
at java.lang.Thread.run(Thread.java:748)
]]>
    </error>
  </testcase> <!-- TC_Invalid_Import_InvalidFile -->
  <system-out/>
  <testcase name="Valid_ImportTest" time="82.697" classname="com.GCodes.TestCases.TC_Issuance_Importer_005"/>
  <system-out/>
</testsuite> <!-- com.GCodes.TestCases.TC_Issuance_Importer_005 -->
