<?xml version="1.0" encoding="UTF-8"?>
<!-- Generated by org.testng.reporters.JUnitReportReporter -->
<testsuite skipped="0" hostname="0753-0883" name="com.GCodes.TestCases.TC_Login_Validations_002" tests="1" failures="0" timestamp="2022-01-28T13:47:32 IST" time="12.296" errors="0">
  <testcase name="TC_GCodes_LoginValidations_002" time="12.296" classname="com.GCodes.TestCases.TC_Login_Validations_002"/>
  <system-out/>
</testsuite> <!-- com.GCodes.TestCases.TC_Login_Validations_002 -->
