<?xml version="1.0" encoding="UTF-8"?>
<!-- Generated by org.testng.reporters.JUnitReportReporter -->
<testsuite skipped="0" hostname="0753-0883" name="com.GCodes.TestCases.TC_GCodesLogin_001" tests="1" failures="0" timestamp="2022-02-01T18:12:40 IST" time="28.325" errors="0">
  <testcase name="TC_GCodes_Login_001" time="28.325" classname="com.GCodes.TestCases.TC_GCodesLogin_001"/>
  <system-out/>
</testsuite> <!-- com.GCodes.TestCases.TC_GCodesLogin_001 -->
