<?xml version="1.0" encoding="UTF-8"?>
<!-- Generated by org.testng.reporters.JUnitReportReporter -->
<testsuite skipped="0" hostname="0753-0883" name="com.GCodes.TestCases.TC_GiveAwardTest_002" tests="1" failures="0" timestamp="2021-12-28T15:03:00 IST" time="54.370" errors="0">
  <testcase name="giveAward" time="54.370" classname="com.GCodes.TestCases.TC_GiveAwardTest_002"/>
  <system-out/>
</testsuite> <!-- com.GCodes.TestCases.TC_GiveAwardTest_002 -->
