<?xml version="1.0" encoding="UTF-8"?>
<!-- Generated by org.testng.reporters.JUnitReportReporter -->
<testsuite skipped="0" hostname="0753-0883" name="com.GCodes.TestCases.TC_Issuance_Importer_005" tests="3" failures="0" timestamp="2022-04-07T21:40:34 IST" time="276.100" errors="0">
  <testcase name="TC_Invalid_Import_InvalidFile" time="94.807" classname="com.GCodes.TestCases.TC_Issuance_Importer_005"/>
  <system-out/>
  <testcase name="TC_EmptyFile_validation" time="94.916" classname="com.GCodes.TestCases.TC_Issuance_Importer_005"/>
  <system-out/>
  <testcase name="Valid_ImportTest" time="86.377" classname="com.GCodes.TestCases.TC_Issuance_Importer_005"/>
  <system-out/>
</testsuite> <!-- com.GCodes.TestCases.TC_Issuance_Importer_005 -->
