<?xml version="1.0" encoding="UTF-8"?>
<!-- Generated by org.testng.reporters.JUnitReportReporter -->
<testsuite skipped="0" hostname="0753-0883" name="com.GCodes.TestCases.TC_Wallet_003" tests="3" failures="0" timestamp="2022-02-04T16:03:54 IST" time="53.159" errors="0">
  <testcase name="TC_Invalid_Wallet_004" time="15.450" classname="com.GCodes.TestCases.TC_Wallet_003"/>
  <system-out/>
  <testcase name="TC_Invalid_Wallet_005" time="15.074" classname="com.GCodes.TestCases.TC_Wallet_003"/>
  <system-out/>
  <testcase name="TC_Invalid_Wallet_003" time="22.635" classname="com.GCodes.TestCases.TC_Wallet_003"/>
  <system-out/>
</testsuite> <!-- com.GCodes.TestCases.TC_Wallet_003 -->
