<?xml version="1.0" encoding="UTF-8"?>
<!-- Generated by org.testng.reporters.JUnitReportReporter -->
<testsuite skipped="0" hostname="0753-0883" name="com.GCodes.TestCases.TC_Issuance_Importer_005" tests="3" failures="0" timestamp="2022-03-28T14:55:41 IST" time="139.191" errors="0">
  <testcase name="TC_Invalid_Import_InvalidFile" time="47.224" classname="com.GCodes.TestCases.TC_Issuance_Importer_005"/>
  <system-out/>
  <testcase name="Valid_ImportTest" time="46.011" classname="com.GCodes.TestCases.TC_Issuance_Importer_005"/>
  <system-out/>
  <testcase name="TC_EmptyFile_validation" time="45.956" classname="com.GCodes.TestCases.TC_Issuance_Importer_005"/>
  <system-out/>
</testsuite> <!-- com.GCodes.TestCases.TC_Issuance_Importer_005 -->
