<?xml version="1.0" encoding="UTF-8"?>
<!-- Generated by org.testng.reporters.JUnitReportReporter -->
<testsuite skipped="3" hostname="0753-0883" name="com.GCodes.TestCases.TC_Wallet_003" tests="4" failures="0" timestamp="2022-02-04T19:55:21 IST" time="0.008" errors="1">
  <testcase name="Setup" time="0.008" classname="com.GCodes.TestCases.TC_Wallet_003">
    <error type="java.lang.NullPointerException">
      <![CDATA[java.lang.NullPointerException
at com.GCodes.TestCases.BaseClass.Setup(BaseClass.java:56)
at sun.reflect.NativeMethodAccessorImpl.invoke0(Native Method)
at sun.reflect.NativeMethodAccessorImpl.invoke(NativeMethodAccessorImpl.java:62)
at sun.reflect.DelegatingMethodAccessorImpl.invoke(DelegatingMethodAccessorImpl.java:43)
at java.lang.reflect.Method.invoke(Method.java:498)
at org.testng.internal.MethodInvocationHelper.invokeMethod(MethodInvocationHelper.java:133)
at org.testng.internal.MethodInvocationHelper.invokeMethodConsideringTimeout(MethodInvocationHelper.java:62)
at org.testng.internal.ConfigInvoker.invokeConfigurationMethod(ConfigInvoker.java:385)
at org.testng.internal.ConfigInvoker.invokeConfigurations(ConfigInvoker.java:321)
at org.testng.internal.TestInvoker.runConfigMethods(TestInvoker.java:700)
at org.testng.internal.TestInvoker.invokeMethod(TestInvoker.java:527)
at org.testng.internal.TestInvoker.invokeTestMethod(TestInvoker.java:173)
at org.testng.internal.MethodRunner.runInSequence(MethodRunner.java:46)
at org.testng.internal.TestInvoker$MethodInvocationAgent.invoke(TestInvoker.java:824)
at org.testng.internal.TestInvoker.invokeTestMethods(TestInvoker.java:146)
at org.testng.internal.TestMethodWorker.invokeTestMethods(TestMethodWorker.java:146)
at org.testng.internal.TestMethodWorker.run(TestMethodWorker.java:128)
at java.util.concurrent.ThreadPoolExecutor.runWorker(ThreadPoolExecutor.java:1149)
at java.util.concurrent.ThreadPoolExecutor$Worker.run(ThreadPoolExecutor.java:624)
at java.lang.Thread.run(Thread.java:748)
]]>
    </error>
  </testcase> <!-- Setup -->
  <system-out/>
  <testcase name="TC_Invalid_Wallet_003" time="0.000" classname="com.GCodes.TestCases.TC_Wallet_003">
    <skipped/>
  </testcase> <!-- TC_Invalid_Wallet_003 -->
  <system-out/>
  <testcase name="TC_Invalid_Wallet_005" time="0.000" classname="com.GCodes.TestCases.TC_Wallet_003">
    <skipped/>
  </testcase> <!-- TC_Invalid_Wallet_005 -->
  <system-out/>
  <testcase name="TC_Invalid_Wallet_004" time="0.000" classname="com.GCodes.TestCases.TC_Wallet_003">
    <skipped/>
  </testcase> <!-- TC_Invalid_Wallet_004 -->
  <system-out/>
</testsuite> <!-- com.GCodes.TestCases.TC_Wallet_003 -->
