<?xml version="1.0" encoding="UTF-8"?>
<!-- Generated by org.testng.reporters.JUnitReportReporter -->
<testsuite skipped="0" hostname="0753-0883" name="com.GCodes.TestCases.TC_EvergrowLogin_001" tests="1" failures="0" timestamp="2021-12-28T14:49:50 IST" time="10.206" errors="0">
  <testcase name="TC_EvergrowLogin_001" time="10.206" classname="com.GCodes.TestCases.TC_EvergrowLogin_001"/>
  <system-out/>
</testsuite> <!-- com.GCodes.TestCases.TC_EvergrowLogin_001 -->
