<?xml version="1.0" encoding="UTF-8"?>
<!-- Generated by org.testng.reporters.JUnitReportReporter -->
<testsuite skipped="0" hostname="0753-0883" name="com.GCodes.TestCases.TC_Wallet_003" tests="1" failures="0" timestamp="2022-04-07T21:40:34 IST" time="85.956" errors="0">
  <testcase name="TC_Invalid_Wallet" time="85.956" classname="com.GCodes.TestCases.TC_Wallet_003"/>
  <system-out/>
</testsuite> <!-- com.GCodes.TestCases.TC_Wallet_003 -->
