<?xml version="1.0" encoding="UTF-8"?>
<!-- Generated by org.testng.reporters.JUnitReportReporter -->
<testsuite skipped="0" hostname="0753-0883" name="com.GCodes.TestCases.TC_Wallet_003" tests="2" failures="0" timestamp="2022-03-08T18:17:05 IST" time="105.745" errors="0">
  <testcase name="TC_Invalid_Wallet_005" time="52.455" classname="com.GCodes.TestCases.TC_Wallet_003"/>
  <system-out/>
  <testcase name="TC_Invalid_Wallet_003" time="53.290" classname="com.GCodes.TestCases.TC_Wallet_003"/>
  <system-out/>
</testsuite> <!-- com.GCodes.TestCases.TC_Wallet_003 -->
