<?xml version="1.0" encoding="UTF-8"?>
<!-- Generated by org.testng.reporters.JUnitReportReporter -->
<testsuite skipped="0" hostname="0753-0883" name="com.Evergrow.TestCases.TC_EvergrowLogin_001" tests="1" failures="0" timestamp="2021-10-22T11:33:01 IST" time="13.979" errors="0">
  <testcase name="TC_EvergrowLogin_001" time="13.979" classname="com.Evergrow.TestCases.TC_EvergrowLogin_001"/>
  <system-out/>
</testsuite> <!-- com.Evergrow.TestCases.TC_EvergrowLogin_001 -->
